<?xml version="1.0" encoding="UTF-8"?>
<!-- Generated by org.testng.reporters.JUnitReportReporter -->
<testsuite skipped="0" hostname="DESKTOP-A5J83K1" name="ExtendReport_Demo.NopCommerceTest" tests="3" failures="0" timestamp="2022-09-09T12:13:52 IST" time="51.752" errors="0">
  <testcase name="noCommerceLogoTest" time="31.220" classname="ExtendReport_Demo.NopCommerceTest"/>
  <system-out/>
  <testcase name="noCommerceLoginTest" time="12.139" classname="ExtendReport_Demo.NopCommerceTest"/>
  <system-out/>
  <testcase name="noCommerceTitleTest" time="8.393" classname="ExtendReport_Demo.NopCommerceTest"/>
  <system-out/>
</testsuite> <!-- ExtendReport_Demo.NopCommerceTest -->
